<?xml version="1.0" encoding="UTF-8"?>
<!-- Generated by org.testng.reporters.JUnitReportReporter -->
<testsuite hostname="MININT-VB1PAEV" name="com.contiq.test.GoogleLoginTest" tests="1" failures="0" timestamp="8 Oct 2015 20:00:07 GMT" time="19.846" errors="0">
  <testcase name="login" time="19.846" classname="com.contiq.test.GoogleLoginTest"/>
</testsuite> <!-- com.contiq.test.GoogleLoginTest -->
