<?xml version="1.0" encoding="UTF-8"?>
<!-- Generated by org.testng.reporters.JUnitReportReporter -->
<testsuite hostname="MININT-VB1PAEV" name="com.contiq.test.NewProjectPageTest" tests="2" failures="0" timestamp="15 Nov 2015 23:20:05 GMT" time="95.820" errors="0">
  <testcase name="createNewPresentationProject" time="34.146" classname="com.contiq.test.NewProjectPageTest"/>
  <testcase name="createNewBlogProject" time="61.674" classname="com.contiq.test.NewProjectPageTest"/>
</testsuite> <!-- com.contiq.test.NewProjectPageTest -->
