<?xml version="1.0" encoding="UTF-8"?>
<!-- Generated by org.testng.reporters.JUnitReportReporter -->
<testsuite hostname="MININT-VB1PAEV" name="com.contiq.test.LogInPageTest" tests="1" failures="0" timestamp="11 Oct 2015 00:06:50 GMT" time="101.148" errors="0">
  <testcase name="logIn" time="101.148" classname="com.contiq.test.LogInPageTest"/>
</testsuite> <!-- com.contiq.test.LogInPageTest -->
